

*******************************************************************************
Tue Oct  9 21:07:15 2018


FIT:    data read from "Bxod.txt" using 1:2
        format = x:z
        #datapoints = 12
        residuals are weighted equally (unit weight)

function used for fitting: f(x)
	f(x) = a*x + b
fitted parameters initialized with current variable values

iter      chisq       delta/lim  lambda   a             b            
   0 7.6203700000e+05   0.00e+00  1.79e+02    1.000000e+00   1.000000e+00
   5 3.0523310023e+01  -4.50e-01  1.79e-03    1.994825e+00   1.645685e+00

After 5 iterations the fit converged.
final sum of squares of residuals : 30.5233
rel. change during last iteration : -4.50348e-06

degrees of freedom    (FIT_NDF)                        : 10
rms of residuals      (FIT_STDFIT) = sqrt(WSSR/ndf)    : 1.74709
variance of residuals (reduced chisquare) = WSSR/ndf   : 3.05233

Final set of parameters            Asymptotic Standard Error
=======================            ==========================
a               = 1.99483          +/- 0.005844     (0.293%)
b               = 1.64569          +/- 1.477        (89.73%)

correlation matrix of the fit parameters:
                a      b      
a               1.000 
b              -0.940  1.000 


*******************************************************************************
Tue Oct  9 21:07:44 2018


FIT:    data read from "Bxod.txt" using 1:2
        format = x:z
        #datapoints = 12
        residuals are weighted equally (unit weight)

function used for fitting: f(x)
	f(x) = a*x
fitted parameters initialized with current variable values

iter      chisq       delta/lim  lambda   a            
   0 7.6773500000e+05   0.00e+00  2.53e+02    1.000000e+00
   4 3.4314029364e+01  -6.21e-10  2.53e-01    2.000946e+00

After 4 iterations the fit converged.
final sum of squares of residuals : 34.314
rel. change during last iteration : -6.21212e-15

degrees of freedom    (FIT_NDF)                        : 11
rms of residuals      (FIT_STDFIT) = sqrt(WSSR/ndf)    : 1.7662
variance of residuals (reduced chisquare) = WSSR/ndf   : 3.11946

Final set of parameters            Asymptotic Standard Error
=======================            ==========================
a               = 2.00095          +/- 0.002018     (0.1008%)


*******************************************************************************
Tue Oct  9 21:08:57 2018


FIT:    data read from "Bxod.txt" using 1:2
        format = x:z
        #datapoints = 12
        residuals are weighted equally (unit weight)

function used for fitting: f(x)
	f(x) = a*x
fitted parameters initialized with current variable values

iter      chisq       delta/lim  lambda   a            
   0 7.6773500000e+05   0.00e+00  2.53e+02    1.000000e+00
   4 3.4314029364e+01  -6.21e-10  2.53e-01    2.000946e+00

After 4 iterations the fit converged.
final sum of squares of residuals : 34.314
rel. change during last iteration : -6.21212e-15

degrees of freedom    (FIT_NDF)                        : 11
rms of residuals      (FIT_STDFIT) = sqrt(WSSR/ndf)    : 1.7662
variance of residuals (reduced chisquare) = WSSR/ndf   : 3.11946

Final set of parameters            Asymptotic Standard Error
=======================            ==========================
a               = 2.00095          +/- 0.002018     (0.1008%)


*******************************************************************************
Tue Oct  9 21:09:07 2018


FIT:    data read from "Bxod.txt" using 1:2
        format = x:z
        #datapoints = 12
        residuals are weighted equally (unit weight)

function used for fitting: f(x)
	f(x) = a*x
fitted parameters initialized with current variable values

iter      chisq       delta/lim  lambda   a            
   0 7.6773500000e+05   0.00e+00  2.53e+02    1.000000e+00
   4 3.4314029364e+01  -6.21e-10  2.53e-01    2.000946e+00

After 4 iterations the fit converged.
final sum of squares of residuals : 34.314
rel. change during last iteration : -6.21212e-15

degrees of freedom    (FIT_NDF)                        : 11
rms of residuals      (FIT_STDFIT) = sqrt(WSSR/ndf)    : 1.7662
variance of residuals (reduced chisquare) = WSSR/ndf   : 3.11946

Final set of parameters            Asymptotic Standard Error
=======================            ==========================
a               = 2.00095          +/- 0.002018     (0.1008%)


*******************************************************************************
Tue Oct  9 21:09:38 2018


FIT:    data read from "Bxod.txt" using 1:2
        format = x:z
        #datapoints = 12
        residuals are weighted equally (unit weight)

function used for fitting: f(x)
	f(x) = a*x
fitted parameters initialized with current variable values

iter      chisq       delta/lim  lambda   a            
   0 7.6773500000e+05   0.00e+00  2.53e+02    1.000000e+00
   4 3.4314029364e+01  -6.21e-10  2.53e-01    2.000946e+00

After 4 iterations the fit converged.
final sum of squares of residuals : 34.314
rel. change during last iteration : -6.21212e-15

degrees of freedom    (FIT_NDF)                        : 11
rms of residuals      (FIT_STDFIT) = sqrt(WSSR/ndf)    : 1.7662
variance of residuals (reduced chisquare) = WSSR/ndf   : 3.11946

Final set of parameters            Asymptotic Standard Error
=======================            ==========================
a               = 2.00095          +/- 0.002018     (0.1008%)


*******************************************************************************
Tue Oct  9 21:10:18 2018


FIT:    data read from "Bxod.txt" using 1:2
        format = x:z
        #datapoints = 12
        residuals are weighted equally (unit weight)

function used for fitting: f(x)
	f(x) = a*x
fitted parameters initialized with current variable values

iter      chisq       delta/lim  lambda   a            
   0 7.6773500000e+05   0.00e+00  2.53e+02    1.000000e+00
   4 3.4314029364e+01  -6.21e-10  2.53e-01    2.000946e+00

After 4 iterations the fit converged.
final sum of squares of residuals : 34.314
rel. change during last iteration : -6.21212e-15

degrees of freedom    (FIT_NDF)                        : 11
rms of residuals      (FIT_STDFIT) = sqrt(WSSR/ndf)    : 1.7662
variance of residuals (reduced chisquare) = WSSR/ndf   : 3.11946

Final set of parameters            Asymptotic Standard Error
=======================            ==========================
a               = 2.00095          +/- 0.002018     (0.1008%)


*******************************************************************************
Wed Oct 10 12:20:19 2018


FIT:    data read from "Bxod.txt" using 1:2
        format = x:z
        #datapoints = 12
        residuals are weighted equally (unit weight)

function used for fitting: f(x)
	f(x) = a*x
fitted parameters initialized with current variable values

iter      chisq       delta/lim  lambda   a            
   0 7.6773500000e+05   0.00e+00  2.53e+02    1.000000e+00
   4 3.4314029364e+01  -6.21e-10  2.53e-01    2.000946e+00

After 4 iterations the fit converged.
final sum of squares of residuals : 34.314
rel. change during last iteration : -6.21212e-15

degrees of freedom    (FIT_NDF)                        : 11
rms of residuals      (FIT_STDFIT) = sqrt(WSSR/ndf)    : 1.7662
variance of residuals (reduced chisquare) = WSSR/ndf   : 3.11946

Final set of parameters            Asymptotic Standard Error
=======================            ==========================
a               = 2.00095          +/- 0.002018     (0.1008%)


*******************************************************************************
Wed Oct 10 12:28:43 2018


FIT:    data read from "Bxod.txt" using 1:2
        format = x:z
        #datapoints = 12
        residuals are weighted equally (unit weight)

function used for fitting: f(x)
	f(x) = a*x
BREAK: Need via and either parameter list or file

*******************************************************************************
Wed Oct 10 12:30:45 2018


FIT:    data read from "Bxod.txt" using 1:2
        format = x:z
        #datapoints = 12
        residuals are weighted equally (unit weight)

function used for fitting: f(x)
	f(x) = a*x
fitted parameters initialized with current variable values

iter      chisq       delta/lim  lambda   a            
   0 7.6773500000e+05   0.00e+00  2.53e+02    1.000000e+00
   4 3.4314029364e+01  -6.21e-10  2.53e-01    2.000946e+00

After 4 iterations the fit converged.
final sum of squares of residuals : 34.314
rel. change during last iteration : -6.21212e-15

degrees of freedom    (FIT_NDF)                        : 11
rms of residuals      (FIT_STDFIT) = sqrt(WSSR/ndf)    : 1.7662
variance of residuals (reduced chisquare) = WSSR/ndf   : 3.11946

Final set of parameters            Asymptotic Standard Error
=======================            ==========================
a               = 2.00095          +/- 0.002018     (0.1008%)


*******************************************************************************
Sun Oct 14 00:38:30 2018


FIT:    data read from "graph" using 1:2
        format = x:z
        #datapoints = 11
        residuals are weighted equally (unit weight)

function used for fitting: f(x)
	f(x) = a*x^2 + b*x + c
fitted parameters initialized with current variable values



*******************************************************************************
Sun Oct 14 00:38:57 2018


FIT:    data read from "graph" using 1:2
        format = x:z
        #datapoints = 11
        residuals are weighted equally (unit weight)

function used for fitting: f(x)
	f(x) = a*x^2 + b*x + c
fitted parameters initialized with current variable values



*******************************************************************************
Sun Oct 14 00:39:30 2018


FIT:    data read from "graph" using 1:2
        format = x:z
        #datapoints = 11
        residuals are weighted equally (unit weight)

function used for fitting: f(x)
	f(x) = a*x^2+b*x+c
fitted parameters initialized with current variable values



*******************************************************************************
Sun Oct 14 00:39:36 2018


FIT:    data read from "graph" using 1:2
        format = x:z
        #datapoints = 11
        residuals are weighted equally (unit weight)

function used for fitting: f(x)
	f(x) = a*x^2+b*x+c
fitted parameters initialized with current variable values



*******************************************************************************
Sun Oct 14 00:39:49 2018


FIT:    data read from "graph" using 1:2
        format = x:z
        #datapoints = 11
        residuals are weighted equally (unit weight)

function used for fitting: f(x)
	f(x) = a*x^2
fitted parameters initialized with current variable values

